<?xml version="1.0" encoding="UTF-8"?>
<!-- Generated by org.testng.reporters.JUnitReportReporter -->
<testsuite hostname="DESKTOP-E225OPG" failures="0" tests="3" name="APITests" time="6.707" errors="0" timestamp="28 Aug 2022 04:11:29 GMT" skipped="0">
  <testcase classname="APITests" name="deletingSameUserTwice" time="2.458"/>
  <testcase classname="APITests" name="createUserWithoutBody" time="0.816"/>
  <testcase classname="APITests" name="updateUserWithInvalidId" time="3.433"/>
</testsuite> <!-- APITests -->
