<?xml version="1.0" encoding="UTF-8"?>
<!-- Generated by org.testng.reporters.JUnitReportReporter -->
<testsuite hostname="DESKTOP-E225OPG" failures="0" tests="1" name="CreateUser_POST_Request" time="8.464" errors="0" timestamp="2022-08-27T14:20:19 CEST" skipped="0">
  <testcase classname="CreateUser_POST_Request" name="deleteUser" time="8.464"/>
  <system-out/>
</testsuite> <!-- CreateUser_POST_Request -->
